0 info it worked if it ends with ok
1 verbose cli [ 'node', '/usr/local/bin/npm', 'publish', './' ]
2 info using npm@2.12.1
3 info using node@v0.12.7
4 verbose node symlink /usr/local/bin/node
5 verbose publish [ './' ]
6 silly cache add args [ './', null ]
7 verbose cache add spec ./
8 silly cache add parsed spec { raw: './',
8 silly cache add   scope: null,
8 silly cache add   name: null,
8 silly cache add   rawSpec: './',
8 silly cache add   spec: '/Applications/XAMPP/xamppfiles/htdocs/hubot-bamboohr',
8 silly cache add   type: 'directory' }
9 verbose addLocalDirectory /Users/jordan/.npm/hubot-bamboohr/1.0.2/package.tgz not in flight; packing
10 verbose tar pack [ '/Users/jordan/.npm/hubot-bamboohr/1.0.2/package.tgz',
10 verbose tar pack   '/Applications/XAMPP/xamppfiles/htdocs/hubot-bamboohr' ]
11 verbose tarball /Users/jordan/.npm/hubot-bamboohr/1.0.2/package.tgz
12 verbose folder /Applications/XAMPP/xamppfiles/htdocs/hubot-bamboohr
13 info prepublish hubot-bamboohr@1.0.2
14 verbose addLocalTarball adding from inside cache /Users/jordan/.npm/hubot-bamboohr/1.0.2/package.tgz
15 silly cache afterAdd hubot-bamboohr@1.0.2
16 verbose afterAdd /Users/jordan/.npm/hubot-bamboohr/1.0.2/package/package.json not in flight; writing
17 verbose afterAdd /Users/jordan/.npm/hubot-bamboohr/1.0.2/package/package.json written
18 silly publish { name: 'hubot-bamboohr',
18 silly publish   description: 'Access information from BambooHR like employee details and whos on leave',
18 silly publish   version: '1.0.2',
18 silly publish   author: { name: 'Jordan Walsh', email: 'jordanwalsh23@hotmail.com' },
18 silly publish   license: 'MIT',
18 silly publish   keywords: [ 'hubot', 'bamboohr' ],
18 silly publish   repository:
18 silly publish    { type: 'git',
18 silly publish      url: 'git+ssh://git@github.com/jordanwalsh23/hubot-bamboohr.git' },
18 silly publish   bugs: { url: 'https://github.com/jordanwalsh23/hubot-bamboohr/issues' },
18 silly publish   dependencies: { 'coffee-script': '~1.6', 'node-bamboohr': '0.0.4' },
18 silly publish   devDependencies:
18 silly publish    { mocha: '*',
18 silly publish      chai: '*',
18 silly publish      'sinon-chai': '*',
18 silly publish      sinon: '*',
18 silly publish      'grunt-mocha-test': '~0.7.0',
18 silly publish      'grunt-release': '~0.6.0',
18 silly publish      matchdep: '~0.1.2',
18 silly publish      'grunt-contrib-watch': '~0.5.3',
18 silly publish      grunt: '^0.4.5' },
18 silly publish   main: 'index.coffee',
18 silly publish   scripts: { test: 'grunt test' },
18 silly publish   homepage: 'https://github.com/hubot-scripts/hubot-bamboohr#readme',
18 silly publish   directories: { test: 'test' },
18 silly publish   readme: '# hubot-bamboohr\n\nAccess information from BambooHR like employee details and whos on leave\n\nSee [`src/bamboohr.coffee`](src/bamboohr.coffee) for full documentation.\n\n## Installation\n\nIn hubot project repo, run:\n\n`npm install hubot-bamboohr --save`\n\nThen add **hubot-bamboohr** to your `external-scripts.json`:\n\n```json\n["hubot-bamboohr"]\n```\nTwo environment variables are required:\n\n- HUBOT_BAMBOOHR_APIKEY - Your BambooHR API key (see your BambooHR admin)\n- HUBOT_BAMBOOHR_DOMAIN - Your BambooHR subdomain\n\nOnce your environment variables are sent, the following commands are available:\n\n## Get Employee Data\n\n```\nuser1>> hubot bamboo John Smith\nhubot>> Found *John Smith*\nhubot>> https://<domain>.bamboohr.com/images/photo_placeholder.gif (1KB)\nhubot>> *Job Title:* Consultant\n*Mobile Phone:* 61400000000\n*Email Address:* jsmith@example.com\n```\n\n## Get Who\'s on leave\n\n```\nuser1>> hubot whosout\nhubot>> People currently on leave (07/08/2015):*\n\n*John Smith*\n2015-08-05 - 2015-08-14\n\n*Jane Smith*\n2015-08-07 - 2015-08-07\n\n*Sally Stevens*\n2015-08-07 - 2015-08-07\n```\n',
18 silly publish   readmeFilename: 'README.md',
18 silly publish   gitHead: '1bf1bf552641781feb706fb80183823f91bf2a3d',
18 silly publish   _id: 'hubot-bamboohr@1.0.2',
18 silly publish   _shasum: 'bfbd95293877169bc4a120fa63192de1bf5ac995',
18 silly publish   _from: '.' }
19 verbose getPublishConfig undefined
20 silly mapToRegistry name hubot-bamboohr
21 silly mapToRegistry using default registry
22 silly mapToRegistry registry https://registry.npmjs.org/
23 silly mapToRegistry uri https://registry.npmjs.org/hubot-bamboohr
24 verbose publish registryBase https://registry.npmjs.org/
25 silly publish uploading /Users/jordan/.npm/hubot-bamboohr/1.0.2/package.tgz
26 verbose request uri https://registry.npmjs.org/hubot-bamboohr
27 verbose request sending authorization for write operation
28 info attempt registry request try #1 at 14:08:14
29 verbose request using bearer token for auth
30 verbose request id 1051f2c8f5078441
31 http request PUT https://registry.npmjs.org/hubot-bamboohr
32 http 403 https://registry.npmjs.org/hubot-bamboohr
33 verbose headers { 'content-type': 'application/json',
33 verbose headers   'cache-control': 'max-age=60',
33 verbose headers   'content-length': '95',
33 verbose headers   'accept-ranges': 'bytes',
33 verbose headers   date: 'Fri, 07 Aug 2015 04:08:15 GMT',
33 verbose headers   via: '1.1 varnish',
33 verbose headers   connection: 'keep-alive',
33 verbose headers   'x-served-by': 'cache-mel6520-MEL',
33 verbose headers   'x-cache': 'MISS',
33 verbose headers   'x-cache-hits': '0',
33 verbose headers   'x-timer': 'S1438920494.070420,VS0,VE1552' }
34 verbose request invalidating /Users/jordan/.npm/registry.npmjs.org/hubot-bamboohr on PUT
35 error publish Failed PUT 403
36 verbose stack Error: "You cannot publish over the previously published version 1.0.2." : hubot-bamboohr
36 verbose stack     at CachingRegistryClient.<anonymous> (/usr/local/lib/node_modules/npm/node_modules/npm-registry-client/lib/request.js:247:14)
36 verbose stack     at Request._callback (/usr/local/lib/node_modules/npm/node_modules/npm-registry-client/lib/request.js:170:14)
36 verbose stack     at Request.self.callback (/usr/local/lib/node_modules/npm/node_modules/request/request.js:197:22)
36 verbose stack     at Request.emit (events.js:110:17)
36 verbose stack     at Request.<anonymous> (/usr/local/lib/node_modules/npm/node_modules/request/request.js:1050:14)
36 verbose stack     at Request.emit (events.js:129:20)
36 verbose stack     at IncomingMessage.<anonymous> (/usr/local/lib/node_modules/npm/node_modules/request/request.js:996:12)
36 verbose stack     at IncomingMessage.emit (events.js:129:20)
36 verbose stack     at _stream_readable.js:908:16
36 verbose stack     at process._tickCallback (node.js:355:11)
37 verbose statusCode 403
38 verbose pkgid hubot-bamboohr
39 verbose cwd /Applications/XAMPP/xamppfiles/htdocs/hubot-bamboohr
40 error Darwin 14.4.0
41 error argv "node" "/usr/local/bin/npm" "publish" "./"
42 error node v0.12.7
43 error npm  v2.12.1
44 error code E403
45 error "You cannot publish over the previously published version 1.0.2." : hubot-bamboohr
46 error If you need help, you may report this error at:
46 error     <https://github.com/npm/npm/issues>
47 verbose exit [ 1, true ]
